\BOOKMARK [0][-]{section*.3}{\376\377\000\315\000n\000d\000i\000c\000e\000\040\000g\000e\000n\000e\000r\000a\000l}{}% 1
\BOOKMARK [0][-]{section*.5}{\376\377\000\315\000n\000d\000i\000c\000e\000\040\000d\000e\000\040\000f\000i\000g\000u\000r\000a\000s}{}% 2
\BOOKMARK [0][-]{section*.7}{\376\377\000\315\000n\000d\000i\000c\000e\000\040\000d\000e\000\040\000t\000a\000b\000l\000a\000s}{}% 3
\BOOKMARK [0][-]{section*.10}{\376\377\000A\000c\000r\000\363\000n\000i\000m\000o\000s}{}% 4
\BOOKMARK [0][-]{section*.13}{\376\377\000G\000l\000o\000s\000a\000r\000i\000o}{}% 5
\BOOKMARK [0][-]{chapter.1}{\376\377\000I\000n\000t\000r\000o\000d\000u\000c\000c\000i\000\363\000n\000\040}{}% 6
\BOOKMARK [1][-]{section.1.1}{\376\377\000P\000l\000a\000n\000t\000e\000a\000m\000i\000e\000n\000t\000o\000\040\000d\000e\000l\000\040\000p\000r\000o\000b\000l\000e\000m\000a}{chapter.1}% 7
\BOOKMARK [2][-]{subsection.1.1.1}{\376\377\000E\000l\000\040\000D\000e\000s\000a\000f\000\355\000o\000\040\000E\000s\000p\000e\000c\000\355\000f\000i\000c\000o\000\040\000d\000e\000l\000\040\000E\000s\000p\000a\000\361\000o\000l}{section.1.1}% 8
\BOOKMARK [2][-]{subsection.1.1.2}{\376\377\000L\000a\000\040\000C\000o\000m\000p\000l\000e\000j\000i\000d\000a\000d\000\040\000T\000\351\000c\000n\000i\000c\000a\000\040\000d\000e\000l\000\040\000P\000r\000o\000b\000l\000e\000m\000a}{section.1.1}% 9
\BOOKMARK [1][-]{section.1.2}{\376\377\000M\000o\000t\000i\000v\000a\000c\000i\000\363\000n}{chapter.1}% 10
\BOOKMARK [2][-]{subsection.1.2.1}{\376\377\000I\000m\000p\000a\000c\000t\000o\000\040\000P\000e\000r\000s\000o\000n\000a\000l\000\040\000y\000\040\000S\000o\000c\000i\000a\000l\000\040\000O\000b\000s\000e\000r\000v\000a\000d\000o}{section.1.2}% 11
\BOOKMARK [2][-]{subsection.1.2.2}{\376\377\000V\000u\000l\000n\000e\000r\000a\000b\000i\000l\000i\000d\000a\000d\000\040\000d\000e\000\040\000P\000o\000b\000l\000a\000c\000i\000o\000n\000e\000s\000\040\000E\000s\000p\000e\000c\000\355\000f\000i\000c\000a\000s}{section.1.2}% 12
\BOOKMARK [2][-]{subsection.1.2.3}{\376\377\000U\000r\000g\000e\000n\000c\000i\000a\000\040\000T\000e\000c\000n\000o\000l\000\363\000g\000i\000c\000a}{section.1.2}% 13
\BOOKMARK [1][-]{section.1.3}{\376\377\000J\000u\000s\000t\000i\000f\000i\000c\000a\000c\000i\000\363\000n}{chapter.1}% 14
\BOOKMARK [2][-]{subsection.1.3.1}{\376\377\000B\000r\000e\000c\000h\000a\000\040\000T\000e\000c\000n\000o\000l\000\363\000g\000i\000c\000a\000\040\000e\000n\000\040\000R\000e\000c\000u\000r\000s\000o\000s\000\040\000p\000a\000r\000a\000\040\000e\000l\000\040\000E\000s\000p\000a\000\361\000o\000l}{section.1.3}% 15
\BOOKMARK [2][-]{subsection.1.3.2}{\376\377\000N\000o\000v\000e\000d\000a\000d\000\040\000M\000e\000t\000o\000d\000o\000l\000\363\000g\000i\000c\000a\000:\000\040\000E\000n\000f\000o\000q\000u\000e\000\040\000E\000v\000o\000l\000u\000t\000i\000v\000o\000\040\000C\000o\000m\000p\000a\000r\000a\000t\000i\000v\000o}{section.1.3}% 16
\BOOKMARK [2][-]{subsection.1.3.3}{\376\377\000C\000o\000n\000t\000r\000i\000b\000u\000c\000i\000\363\000n\000\040\000C\000i\000e\000n\000t\000\355\000f\000i\000c\000a\000\040\000M\000u\000l\000t\000i\000d\000i\000m\000e\000n\000s\000i\000o\000n\000a\000l}{section.1.3}% 17
\BOOKMARK [2][-]{subsection.1.3.4}{\376\377\000R\000e\000l\000e\000v\000a\000n\000c\000i\000a\000\040\000e\000n\000\040\000e\000l\000\040\000C\000o\000n\000t\000e\000x\000t\000o\000\040\000d\000e\000\040\000L\000L\000M\000s}{section.1.3}% 18
\BOOKMARK [1][-]{section.1.4}{\376\377\000O\000b\000j\000e\000t\000i\000v\000o\000s}{chapter.1}% 19
\BOOKMARK [1][-]{section.1.5}{\376\377\000A\000l\000c\000a\000n\000c\000e\000\040\000y\000\040\000L\000i\000m\000i\000t\000a\000c\000i\000o\000n\000e\000s}{chapter.1}% 20
\BOOKMARK [2][-]{subsection.1.5.1}{\376\377\000A\000l\000c\000a\000n\000c\000e}{section.1.5}% 21
\BOOKMARK [2][-]{subsection.1.5.2}{\376\377\000L\000i\000m\000i\000t\000a\000c\000i\000o\000n\000e\000s}{section.1.5}% 22
\BOOKMARK [1][-]{section.1.6}{\376\377\000C\000o\000n\000t\000r\000i\000b\000u\000c\000i\000o\000n\000e\000s\000\040\000E\000s\000p\000e\000r\000a\000d\000a\000s}{chapter.1}% 23
\BOOKMARK [2][-]{subsection.1.6.1}{\376\377\000C\000o\000n\000t\000r\000i\000b\000u\000c\000i\000o\000n\000e\000s\000\040\000T\000e\000\363\000r\000i\000c\000a\000s}{section.1.6}% 24
\BOOKMARK [2][-]{subsection.1.6.2}{\376\377\000C\000o\000n\000t\000r\000i\000b\000u\000c\000i\000o\000n\000e\000s\000\040\000P\000r\000\341\000c\000t\000i\000c\000a\000s}{section.1.6}% 25
\BOOKMARK [2][-]{subsection.1.6.3}{\376\377\000C\000o\000n\000t\000r\000i\000b\000u\000c\000i\000o\000n\000e\000s\000\040\000S\000o\000c\000i\000a\000l\000e\000s}{section.1.6}% 26
\BOOKMARK [1][-]{section.1.7}{\376\377\000O\000r\000g\000a\000n\000i\000z\000a\000c\000i\000\363\000n\000\040\000d\000e\000l\000\040\000D\000o\000c\000u\000m\000e\000n\000t\000o}{chapter.1}% 27
\BOOKMARK [0][-]{chapter.2}{\376\377\000M\000a\000r\000c\000o\000\040\000T\000e\000\363\000r\000i\000c\000o\000\040}{}% 28
\BOOKMARK [1][-]{section.2.1}{\376\377\000D\000e\000t\000e\000c\000c\000i\000\363\000n\000\040\000d\000e\000\040\000N\000o\000t\000i\000c\000i\000a\000s\000\040\000F\000a\000l\000s\000a\000s\000:\000\040\000F\000u\000n\000d\000a\000m\000e\000n\000t\000o\000s\000\040\000y\000\040\000E\000x\000t\000e\000n\000s\000i\000b\000i\000l\000i\000d\000a\000d}{chapter.2}% 29
\BOOKMARK [2][-]{subsection.2.1.1}{\376\377\000I\000m\000p\000a\000c\000t\000o\000\040\000S\000o\000c\000i\000a\000l\000\040\000y\000\040\000D\000e\000s\000a\000f\000\355\000o\000s\000\040\000d\000e\000\040\000l\000a\000\040\000D\000e\000s\000i\000n\000f\000o\000r\000m\000a\000c\000i\000\363\000n}{section.2.1}% 30
\BOOKMARK [2][-]{subsection.2.1.2}{\376\377\000E\000l\000\040\000P\000r\000o\000b\000l\000e\000m\000a\000\040\000d\000e\000\040\000l\000a\000s\000\040\000H\000e\000u\000r\000\355\000s\000t\000i\000c\000a\000s\000\040\000C\000o\000g\000n\000i\000t\000i\000v\000a\000s}{section.2.1}% 31
\BOOKMARK [2][-]{subsection.2.1.3}{\376\377\000D\000i\000f\000e\000r\000e\000n\000c\000i\000a\000c\000i\000\363\000n\000\040\000y\000\040\000T\000r\000a\000n\000s\000f\000e\000r\000i\000b\000i\000l\000i\000d\000a\000d\000:\000\040\000N\000o\000t\000i\000c\000i\000a\000s\000\040\000F\000a\000l\000s\000a\000s\000\040\000v\000s\000.\000\040\000F\000r\000a\000u\000d\000e\000\040\000D\000i\000g\000i\000t\000a\000l}{section.2.1}% 32
\BOOKMARK [1][-]{section.2.2}{\376\377\000R\000e\000p\000r\000e\000s\000e\000n\000t\000a\000c\000i\000\363\000n\000\040\000d\000e\000\040\000T\000e\000x\000t\000o\000:\000\040\000D\000e\000s\000d\000e\000\040\000B\000o\000W\000\040\000h\000a\000s\000t\000a\000\040\000E\000m\000b\000e\000d\000d\000i\000n\000g\000s\000\040\000C\000o\000n\000t\000e\000x\000t\000u\000a\000l\000e\000s}{chapter.2}% 33
\BOOKMARK [2][-]{subsection.2.2.1}{\376\377\000B\000o\000l\000s\000a\000\040\000d\000e\000\040\000P\000a\000l\000a\000b\000r\000a\000s\000\040\000\050\000B\000a\000g\000-\000o\000f\000-\000W\000o\000r\000d\000s\000\040\000-\000\040\000B\000o\000W\000\051}{section.2.2}% 34
\BOOKMARK [2][-]{subsection.2.2.2}{\376\377\000P\000o\000n\000d\000e\000r\000a\000c\000i\000\363\000n\000\040\000T\000F\000-\000I\000D\000F\000\040\000\050\000T\000e\000r\000m\000\040\000F\000r\000e\000q\000u\000e\000n\000c\000y\000-\000I\000n\000v\000e\000r\000s\000e\000\040\000D\000o\000c\000u\000m\000e\000n\000t\000\040\000F\000r\000e\000q\000u\000e\000n\000c\000y\000\051}{section.2.2}% 35
\BOOKMARK [2][-]{subsection.2.2.3}{\376\377\000L\000i\000m\000i\000t\000a\000c\000i\000o\000n\000e\000s\000\040\000d\000e\000\040\000l\000o\000s\000\040\000M\000\351\000t\000o\000d\000o\000s\000\040\000C\000l\000\341\000s\000i\000c\000o\000s}{section.2.2}% 36
\BOOKMARK [1][-]{section.2.3}{\376\377\000L\000a\000\040\000R\000e\000v\000o\000l\000u\000c\000i\000\363\000n\000\040\000T\000r\000a\000n\000s\000f\000o\000r\000m\000e\000r\000\040\000y\000\040\000l\000o\000s\000\040\000M\000o\000d\000e\000l\000o\000s\000\040\000d\000e\000\040\000L\000e\000n\000g\000u\000a\000j\000e\000\040\000M\000o\000d\000e\000r\000n\000o\000s}{chapter.2}% 37
\BOOKMARK [2][-]{subsection.2.3.1}{\376\377\000L\000a\000\040\000A\000r\000q\000u\000i\000t\000e\000c\000t\000u\000r\000a\000\040\000T\000r\000a\000n\000s\000f\000o\000r\000m\000e\000r\000:\000\040\000F\000u\000n\000d\000a\000m\000e\000n\000t\000o\000s}{section.2.3}% 38
\BOOKMARK [2][-]{subsection.2.3.2}{\376\377\000B\000E\000R\000T\000\040\000y\000\040\000l\000a\000\040\000E\000r\000a\000\040\000d\000e\000l\000\040\000P\000r\000e\000-\000e\000n\000t\000r\000e\000n\000a\000m\000i\000e\000n\000t\000o\000\040\000B\000i\000d\000i\000r\000e\000c\000c\000i\000o\000n\000a\000l}{section.2.3}% 39
\BOOKMARK [2][-]{subsection.2.3.3}{\376\377\000A\000p\000l\000i\000c\000a\000c\000i\000o\000n\000e\000s\000\040\000e\000n\000\040\000D\000e\000t\000e\000c\000c\000i\000\363\000n\000\040\000d\000e\000\040\000N\000o\000t\000i\000c\000i\000a\000s\000\040\000F\000a\000l\000s\000a\000s\000\040\000e\000n\000\040\000E\000s\000p\000a\000\361\000o\000l}{section.2.3}% 40
\BOOKMARK [2][-]{subsection.2.3.4}{\376\377\000G\000r\000a\000n\000d\000e\000s\000\040\000M\000o\000d\000e\000l\000o\000s\000\040\000d\000e\000\040\000L\000e\000n\000g\000u\000a\000j\000e\000\040\000\050\000L\000L\000M\000s\000\051\000\040\000y\000\040\000N\000u\000e\000v\000o\000s\000\040\000P\000a\000r\000a\000d\000i\000g\000m\000a\000s}{section.2.3}% 41
\BOOKMARK [2][-]{subsection.2.3.5}{\376\377\000E\000l\000\040\000D\000o\000b\000l\000e\000\040\000R\000o\000l\000\040\000d\000e\000\040\000l\000o\000s\000\040\000L\000L\000M\000s\000\040\000e\000n\000\040\000D\000e\000t\000e\000c\000c\000i\000\363\000n}{section.2.3}% 42
\BOOKMARK [1][-]{section.2.4}{\376\377\000O\000p\000t\000i\000m\000i\000z\000a\000c\000i\000\363\000n\000\040\000M\000e\000t\000a\000h\000e\000u\000r\000\355\000s\000t\000i\000c\000a\000\040\000e\000n\000\040\000D\000e\000t\000e\000c\000c\000i\000\363\000n\000\040\000d\000e\000\040\000F\000r\000a\000u\000d\000e}{chapter.2}% 43
\BOOKMARK [2][-]{subsection.2.4.1}{\376\377\000F\000u\000n\000d\000a\000m\000e\000n\000t\000o\000s\000\040\000d\000e\000\040\000l\000a\000s\000\040\000M\000e\000t\000a\000h\000e\000u\000r\000\355\000s\000t\000i\000c\000a\000s}{section.2.4}% 44
\BOOKMARK [2][-]{subsection.2.4.2}{\376\377\000A\000p\000l\000i\000c\000a\000c\000i\000o\000n\000e\000s\000\040\000e\000n\000\040\000D\000e\000t\000e\000c\000c\000i\000\363\000n\000\040\000d\000e\000\040\000N\000o\000t\000i\000c\000i\000a\000s\000\040\000F\000a\000l\000s\000a\000s}{section.2.4}% 45
\BOOKMARK [2][-]{subsection.2.4.3}{\376\377\000M\000e\000t\000a\000h\000e\000u\000r\000\355\000s\000t\000i\000c\000a\000s\000\040\000p\000a\000r\000a\000\040\000D\000e\000t\000e\000c\000c\000i\000\363\000n\000\040\000d\000e\000\040\000F\000r\000a\000u\000d\000e\000\040\000F\000i\000n\000a\000n\000c\000i\000e\000r\000o}{section.2.4}% 46
\BOOKMARK [2][-]{subsection.2.4.4}{\376\377\000A\000l\000g\000o\000r\000i\000t\000m\000o\000s\000\040\000H\000\355\000b\000r\000i\000d\000o\000s\000\040\000M\000o\000d\000e\000r\000n\000o\000s}{section.2.4}% 47
\BOOKMARK [1][-]{section.2.5}{\376\377\000I\000n\000t\000e\000g\000r\000a\000c\000i\000\363\000n\000\040\000d\000e\000\040\000E\000n\000f\000o\000q\000u\000e\000s\000:\000\040\000H\000a\000c\000i\000a\000\040\000S\000i\000s\000t\000e\000m\000a\000s\000\040\000H\000\355\000b\000r\000i\000d\000o\000s}{chapter.2}% 48
\BOOKMARK [2][-]{subsection.2.5.1}{\376\377\000C\000o\000m\000b\000i\000n\000a\000c\000i\000\363\000n\000\040\000d\000e\000\040\000R\000e\000p\000r\000e\000s\000e\000n\000t\000a\000c\000i\000o\000n\000e\000s\000\040\000C\000l\000\341\000s\000i\000c\000a\000s\000\040\000y\000\040\000M\000o\000d\000e\000r\000n\000a\000s}{section.2.5}% 49
\BOOKMARK [2][-]{subsection.2.5.2}{\376\377\000A\000r\000q\000u\000i\000t\000e\000c\000t\000u\000r\000a\000s\000\040\000d\000e\000\040\000E\000n\000s\000e\000m\000b\000l\000e\000\040\000O\000p\000t\000i\000m\000i\000z\000a\000d\000a\000s}{section.2.5}% 50
\BOOKMARK [2][-]{subsection.2.5.3}{\376\377\000O\000p\000t\000i\000m\000i\000z\000a\000c\000i\000\363\000n\000\040\000E\000n\000d\000-\000t\000o\000-\000E\000n\000d}{section.2.5}% 51
\BOOKMARK [1][-]{section.2.6}{\376\377\000D\000e\000s\000a\000f\000\355\000o\000s\000\040\000y\000\040\000D\000i\000r\000e\000c\000c\000i\000o\000n\000e\000s\000\040\000F\000u\000t\000u\000r\000a\000s}{chapter.2}% 52
\BOOKMARK [2][-]{subsection.2.6.1}{\376\377\000D\000e\000s\000a\000f\000\355\000o\000s\000\040\000T\000\351\000c\000n\000i\000c\000o\000s}{section.2.6}% 53
\BOOKMARK [2][-]{subsection.2.6.2}{\376\377\000C\000o\000n\000s\000i\000d\000e\000r\000a\000c\000i\000o\000n\000e\000s\000\040\000\311\000t\000i\000c\000a\000s\000\040\000y\000\040\000S\000o\000c\000i\000a\000l\000e\000s}{section.2.6}% 54
\BOOKMARK [1][-]{section.2.7}{\376\377\000S\000\355\000n\000t\000e\000s\000i\000s\000\040\000d\000e\000l\000\040\000M\000a\000r\000c\000o\000\040\000T\000e\000\363\000r\000i\000c\000o}{chapter.2}% 55
\BOOKMARK [0][-]{chapter.3}{\376\377\000E\000s\000t\000a\000d\000o\000\040\000d\000e\000l\000\040\000a\000r\000t\000e\000\040}{}% 56
\BOOKMARK [1][-]{section.3.1}{\376\377\000M\000e\000t\000o\000d\000o\000l\000o\000g\000\355\000a\000\040\000d\000e\000\040\000B\000\372\000s\000q\000u\000e\000d\000a\000\040\000B\000i\000b\000l\000i\000o\000g\000r\000\341\000f\000i\000c\000a}{chapter.3}% 57
\BOOKMARK [1][-]{section.3.2}{\376\377\000P\000a\000n\000o\000r\000a\000m\000a\000\040\000d\000e\000\040\000l\000a\000\040\000I\000n\000v\000e\000s\000t\000i\000g\000a\000c\000i\000\363\000n\000\040\000e\000n\000\040\000D\000e\000t\000e\000c\000c\000i\000\363\000n\000\040\000d\000e\000\040\000N\000o\000t\000i\000c\000i\000a\000s\000\040\000F\000a\000l\000s\000a\000s}{chapter.3}% 58
\BOOKMARK [2][-]{subsection.3.2.1}{\376\377\000F\000u\000n\000d\000a\000m\000e\000n\000t\000o\000s\000\040\000M\000e\000t\000o\000d\000o\000l\000\363\000g\000i\000c\000o\000s\000\040\000y\000\040\000C\000o\000n\000s\000t\000r\000u\000c\000c\000i\000\363\000n\000\040\000d\000e\000\040\000C\000o\000r\000p\000u\000s}{section.3.2}% 59
\BOOKMARK [2][-]{subsection.3.2.2}{\376\377\000E\000v\000o\000l\000u\000c\000i\000\363\000n\000\040\000d\000e\000\040\000l\000o\000s\000\040\000M\000o\000d\000e\000l\000o\000s\000\040\000d\000e\000\040\000L\000e\000n\000g\000u\000a\000j\000e\000\040\000e\000n\000\040\000D\000e\000t\000e\000c\000c\000i\000\363\000n\000\040\000d\000e\000\040\000D\000e\000s\000i\000n\000f\000o\000r\000m\000a\000c\000i\000\363\000n}{section.3.2}% 60
\BOOKMARK [2][-]{subsection.3.2.3}{\376\377\000T\000\351\000c\000n\000i\000c\000a\000s\000\040\000d\000e\000\040\000O\000p\000t\000i\000m\000i\000z\000a\000c\000i\000\363\000n\000\040\000M\000e\000t\000a\000h\000e\000u\000r\000\355\000s\000t\000i\000c\000a\000\040\000e\000n\000\040\000D\000e\000t\000e\000c\000c\000i\000\363\000n\000\040\000d\000e\000\040\000D\000e\000s\000i\000n\000f\000o\000r\000m\000a\000c\000i\000\363\000n}{section.3.2}% 61
\BOOKMARK [1][-]{section.3.3}{\376\377\000A\000l\000g\000o\000r\000i\000t\000m\000o\000s\000\040\000M\000e\000t\000a\000h\000e\000u\000r\000\355\000s\000t\000i\000c\000o\000s\000:\000\040\000F\000u\000n\000d\000a\000m\000e\000n\000t\000o\000s\000\040\000T\000e\000\363\000r\000i\000c\000o\000s\000\040\000y\000\040\000A\000p\000l\000i\000c\000a\000c\000i\000o\000n\000e\000s\000\040\000P\000r\000\341\000c\000t\000i\000c\000a\000s}{chapter.3}% 62
\BOOKMARK [2][-]{subsection.3.3.1}{\376\377\000A\000l\000g\000o\000r\000i\000t\000m\000o\000s\000\040\000G\000e\000n\000\351\000t\000i\000c\000o\000s\000\040\000\050\000G\000A\000\051\000:\000\040\000E\000v\000o\000l\000u\000c\000i\000\363\000n\000\040\000A\000r\000t\000i\000f\000i\000c\000i\000a\000l\000\040\000p\000a\000r\000a\000\040\000O\000p\000t\000i\000m\000i\000z\000a\000c\000i\000\363\000n}{section.3.3}% 63
\BOOKMARK [2][-]{subsection.3.3.2}{\376\377\000O\000p\000t\000i\000m\000i\000z\000a\000c\000i\000\363\000n\000\040\000p\000o\000r\000\040\000E\000n\000j\000a\000m\000b\000r\000e\000\040\000d\000e\000\040\000P\000a\000r\000t\000\355\000c\000u\000l\000a\000s\000\040\000\050\000P\000S\000O\000\051\000:\000\040\000I\000n\000t\000e\000l\000i\000g\000e\000n\000c\000i\000a\000\040\000C\000o\000l\000e\000c\000t\000i\000v\000a}{section.3.3}% 64
\BOOKMARK [2][-]{subsection.3.3.3}{\376\377\000R\000e\000c\000o\000c\000i\000d\000o\000\040\000S\000i\000m\000u\000l\000a\000d\000o\000:\000\040\000F\000\355\000s\000i\000c\000a\000\040\000E\000s\000t\000a\000d\000\355\000s\000t\000i\000c\000a\000\040\000p\000a\000r\000a\000\040\000O\000p\000t\000i\000m\000i\000z\000a\000c\000i\000\363\000n}{section.3.3}% 65
\BOOKMARK [2][-]{subsection.3.3.4}{\376\377\000B\000\372\000s\000q\000u\000e\000d\000a\000\040\000D\000i\000s\000p\000e\000r\000s\000a\000\040\000\050\000S\000c\000a\000t\000t\000e\000r\000\040\000S\000e\000a\000r\000c\000h\000\051\000:\000\040\000C\000o\000m\000b\000i\000n\000a\000c\000i\000\363\000n\000\040\000D\000e\000t\000e\000r\000m\000i\000n\000\355\000s\000t\000i\000c\000a}{section.3.3}% 66
\BOOKMARK [2][-]{subsection.3.3.5}{\376\377\000B\000\372\000s\000q\000u\000e\000d\000a\000\040\000e\000n\000\040\000V\000e\000c\000i\000n\000d\000a\000d\000e\000s\000\040\000V\000a\000r\000i\000a\000b\000l\000e\000s\000\040\000\050\000V\000N\000S\000\051\000:\000\040\000E\000x\000p\000l\000o\000r\000a\000c\000i\000\363\000n\000\040\000S\000i\000s\000t\000e\000m\000\341\000t\000i\000c\000a}{section.3.3}% 67
\BOOKMARK [1][-]{section.3.4}{\376\377\000H\000i\000p\000e\000r\000p\000a\000r\000\341\000m\000e\000t\000r\000o\000s\000\040\000e\000n\000\040\000M\000o\000d\000e\000l\000o\000s\000\040\000d\000e\000\040\000A\000p\000r\000e\000n\000d\000i\000z\000a\000j\000e\000\040\000A\000u\000t\000o\000m\000\341\000t\000i\000c\000o\000:\000\040\000F\000u\000n\000d\000a\000m\000e\000n\000t\000o\000s\000\040\000y\000\040\000O\000p\000t\000i\000m\000i\000z\000a\000c\000i\000\363\000n}{chapter.3}% 68
\BOOKMARK [2][-]{subsection.3.4.1}{\376\377\000N\000a\000t\000u\000r\000a\000l\000e\000z\000a\000\040\000y\000\040\000D\000e\000f\000i\000n\000i\000c\000i\000\363\000n\000\040\000d\000e\000\040\000H\000i\000p\000e\000r\000p\000a\000r\000\341\000m\000e\000t\000r\000o\000s}{section.3.4}% 69
\BOOKMARK [2][-]{subsection.3.4.2}{\376\377\000I\000m\000p\000o\000r\000t\000a\000n\000c\000i\000a\000\040\000C\000r\000\355\000t\000i\000c\000a\000\040\000e\000n\000\040\000l\000a\000\040\000D\000e\000t\000e\000c\000c\000i\000\363\000n\000\040\000d\000e\000\040\000N\000o\000t\000i\000c\000i\000a\000s\000\040\000F\000a\000l\000s\000a\000s}{section.3.4}% 70
\BOOKMARK [2][-]{subsection.3.4.3}{\376\377\000D\000e\000s\000a\000f\000\355\000o\000s\000\040\000e\000n\000\040\000l\000a\000\040\000B\000\372\000s\000q\000u\000e\000d\000a\000\040\000d\000e\000\040\000C\000o\000n\000f\000i\000g\000u\000r\000a\000c\000i\000\363\000n\000\040\000\323\000p\000t\000i\000m\000a}{section.3.4}% 71
\BOOKMARK [2][-]{subsection.3.4.4}{\376\377\000H\000e\000r\000r\000a\000m\000i\000e\000n\000t\000a\000s\000\040\000M\000o\000d\000e\000r\000n\000a\000s\000:\000\040\000K\000e\000r\000a\000s\000\040\000T\000u\000n\000e\000r\000\040\000y\000\040\000A\000u\000t\000o\000m\000a\000t\000i\000z\000a\000c\000i\000\363\000n}{section.3.4}% 72
\BOOKMARK [2][-]{subsection.3.4.5}{\376\377\000V\000e\000n\000t\000a\000j\000a\000s\000\040\000S\000i\000n\000\351\000r\000g\000i\000c\000a\000s\000:\000\040\000M\000o\000d\000e\000l\000o\000s\000\040\000d\000e\000\040\000L\000e\000n\000g\000u\000a\000j\000e\000\040\000y\000\040\000H\000e\000r\000r\000a\000m\000i\000e\000n\000t\000a\000s\000\040\000d\000e\000\040\000O\000p\000t\000i\000m\000i\000z\000a\000c\000i\000\363\000n}{section.3.4}% 73
\BOOKMARK [1][-]{section.3.5}{\376\377\000A\000n\000\341\000l\000i\000s\000i\000s\000\040\000T\000e\000m\000\341\000t\000i\000c\000o\000\040\000C\000o\000m\000p\000r\000e\000h\000e\000n\000s\000i\000v\000o\000\040\000d\000e\000\040\000l\000a\000\040\000L\000i\000t\000e\000r\000a\000t\000u\000r\000a\000\040\000R\000e\000l\000e\000v\000a\000n\000t\000e}{chapter.3}% 74
\BOOKMARK [2][-]{subsection.3.5.1}{\376\377\000E\000l\000\040\000D\000e\000s\000a\000f\000\355\000o\000\040\000F\000u\000n\000d\000a\000m\000e\000n\000t\000a\000l\000\040\000d\000e\000\040\000l\000o\000s\000\040\000D\000a\000t\000o\000s\000:\000\040\000C\000r\000e\000a\000c\000i\000\363\000n\000\040\000y\000\040\000C\000u\000r\000a\000c\000i\000\363\000n\000\040\000d\000e\000\040\000C\000o\000r\000p\000u\000s\000\040\000e\000n\000\040\000E\000s\000p\000a\000\361\000o\000l}{section.3.5}% 75
\BOOKMARK [2][-]{subsection.3.5.2}{\376\377\000R\000e\000v\000o\000l\000u\000c\000i\000\363\000n\000\040\000d\000e\000\040\000l\000o\000s\000\040\000M\000o\000d\000e\000l\000o\000s\000\040\000d\000e\000\040\000L\000e\000n\000g\000u\000a\000j\000e\000\040\000y\000\040\000A\000r\000q\000u\000i\000t\000e\000c\000t\000u\000r\000a\000s\000\040\000T\000r\000a\000n\000s\000f\000o\000r\000m\000e\000r}{section.3.5}% 76
\BOOKMARK [2][-]{subsection.3.5.3}{\376\377\000O\000p\000t\000i\000m\000i\000z\000a\000c\000i\000\363\000n\000\040\000y\000\040\000M\000e\000t\000a\000h\000e\000u\000r\000\355\000s\000t\000i\000c\000a\000s\000\040\000e\000n\000\040\000l\000a\000\040\000D\000e\000t\000e\000c\000c\000i\000\363\000n\000:\000\040\000E\000n\000f\000o\000q\000u\000e\000s\000\040\000I\000n\000n\000o\000v\000a\000d\000o\000r\000e\000s}{section.3.5}% 77
\BOOKMARK [2][-]{subsection.3.5.4}{\376\377\000A\000p\000l\000i\000c\000a\000c\000i\000\363\000n\000\040\000d\000e\000\040\000M\000e\000t\000a\000h\000e\000u\000r\000\355\000s\000t\000i\000c\000a\000s\000\040\000p\000o\000r\000\040\000T\000i\000p\000o\000\040\000d\000e\000\040\000D\000e\000t\000e\000c\000c\000i\000\363\000n}{section.3.5}% 78
\BOOKMARK [2][-]{subsection.3.5.5}{\376\377\000P\000e\000r\000s\000p\000e\000c\000t\000i\000v\000a\000s\000\040\000I\000n\000t\000e\000r\000d\000i\000s\000c\000i\000p\000l\000i\000n\000a\000r\000i\000a\000s\000\040\000y\000\040\000A\000n\000\341\000l\000i\000s\000i\000s\000\040\000S\000o\000c\000i\000a\000l}{section.3.5}% 79
\BOOKMARK [2][-]{subsection.3.5.6}{\376\377\000D\000e\000t\000e\000c\000c\000i\000\363\000n\000\040\000d\000e\000\040\000F\000r\000a\000u\000d\000e\000:\000\040\000E\000x\000t\000e\000n\000s\000i\000\363\000n\000\040\000M\000\341\000s\000\040\000A\000l\000l\000\341\000\040\000d\000e\000\040\000l\000a\000s\000\040\000N\000o\000t\000i\000c\000i\000a\000s}{section.3.5}% 80
\BOOKMARK [1][-]{section.3.6}{\376\377\000S\000\355\000n\000t\000e\000s\000i\000s\000\040\000y\000\040\000P\000e\000r\000s\000p\000e\000c\000t\000i\000v\000a\000s\000\040\000F\000u\000t\000u\000r\000a\000s}{chapter.3}% 81
\BOOKMARK [0][-]{chapter.4}{\376\377\000M\000e\000t\000o\000d\000o\000l\000o\000g\000\355\000a\000\040}{}% 82
\BOOKMARK [1][-]{section.4.1}{\376\377\000V\000i\000s\000i\000\363\000n\000\040\000G\000e\000n\000e\000r\000a\000l\000\040\000d\000e\000\040\000l\000a\000\040\000M\000e\000t\000o\000d\000o\000l\000o\000g\000\355\000a}{chapter.4}% 83
\BOOKMARK [1][-]{section.4.2}{\376\377\000D\000e\000f\000i\000n\000i\000c\000i\000\363\000n\000\040\000y\000\040\000D\000i\000s\000t\000i\000n\000c\000i\000\363\000n\000\040\000d\000e\000\040\000C\000o\000n\000c\000e\000p\000t\000o\000s\000\040\000F\000u\000n\000d\000a\000m\000e\000n\000t\000a\000l\000e\000s}{chapter.4}% 84
\BOOKMARK [2][-]{subsection.4.2.1}{\376\377\000D\000i\000s\000t\000i\000n\000c\000i\000\363\000n\000\040\000e\000n\000t\000r\000e\000\040\000N\000o\000t\000i\000c\000i\000a\000\040\000F\000a\000l\000s\000a\000\040\000y\000\040\000B\000u\000l\000o}{section.4.2}% 85
\BOOKMARK [2][-]{subsection.4.2.2}{\376\377\000T\000a\000x\000o\000n\000o\000m\000\355\000a\000\040\000d\000e\000\040\000l\000a\000\040\000D\000e\000s\000i\000n\000f\000o\000r\000m\000a\000c\000i\000\363\000n}{section.4.2}% 86
\BOOKMARK [2][-]{subsection.4.2.3}{\376\377\000J\000u\000s\000t\000i\000f\000i\000c\000a\000c\000i\000\363\000n\000\040\000d\000e\000\040\000l\000a\000\040\000U\000n\000i\000f\000i\000c\000a\000c\000i\000\363\000n\000\040\000T\000e\000r\000m\000i\000n\000o\000l\000\363\000g\000i\000c\000a}{section.4.2}% 87
\BOOKMARK [2][-]{subsection.4.2.4}{\376\377\000E\000s\000q\000u\000e\000m\000a\000\040\000d\000e\000\040\000C\000l\000a\000s\000i\000f\000i\000c\000a\000c\000i\000\363\000n\000:\000\040\000E\000n\000f\000o\000q\000u\000e\000\040\000B\000i\000n\000a\000r\000i\000o}{section.4.2}% 88
\BOOKMARK [2][-]{subsection.4.2.5}{\376\377\000F\000r\000o\000n\000t\000e\000r\000a\000s\000\040\000D\000i\000f\000u\000s\000a\000s\000\040\000e\000n\000\040\000l\000a\000\040\000C\000l\000a\000s\000i\000f\000i\000c\000a\000c\000i\000\363\000n\000\040\000d\000e\000\040\000V\000e\000r\000a\000c\000i\000d\000a\000d}{section.4.2}% 89
\BOOKMARK [1][-]{section.4.3}{\376\377\000C\000o\000n\000s\000t\000r\000u\000c\000c\000i\000\363\000n\000\040\000d\000e\000l\000\040\000C\000o\000r\000p\000u\000s\000\040\000U\000n\000i\000f\000i\000c\000a\000d\000o}{chapter.4}% 90
\BOOKMARK [2][-]{subsection.4.3.1}{\376\377\000F\000u\000e\000n\000t\000e\000s\000\040\000d\000e\000\040\000D\000a\000t\000o\000s\000\040\000A\000c\000a\000d\000\351\000m\000i\000c\000a\000s}{section.4.3}% 91
\BOOKMARK [2][-]{subsection.4.3.2}{\376\377\000P\000r\000o\000c\000e\000s\000o\000\040\000d\000e\000\040\000U\000n\000i\000f\000i\000c\000a\000c\000i\000\363\000n\000\040\000y\000\040\000E\000s\000t\000a\000n\000d\000a\000r\000i\000z\000a\000c\000i\000\363\000n}{section.4.3}% 92
\BOOKMARK [2][-]{subsection.4.3.3}{\376\377\000A\000m\000p\000l\000i\000a\000c\000i\000\363\000n\000\040\000d\000e\000l\000\040\000C\000o\000r\000p\000u\000s\000\040\000M\000e\000d\000i\000a\000n\000t\000e\000\040\000E\000x\000t\000r\000a\000c\000c\000i\000\363\000n\000\040\000W\000e\000b}{section.4.3}% 93
\BOOKMARK [2][-]{subsection.4.3.4}{\376\377\000C\000o\000r\000p\000u\000s\000\040\000F\000i\000n\000a\000l\000\040\000y\000\040\000E\000s\000t\000r\000a\000t\000e\000g\000i\000a\000\040\000d\000e\000\040\000D\000i\000v\000i\000s\000i\000\363\000n}{section.4.3}% 94
\BOOKMARK [1][-]{section.4.4}{\376\377\000E\000n\000f\000o\000q\000u\000e\000\040\0001\000:\000\040\000D\000e\000t\000e\000c\000c\000i\000\363\000n\000\040\000M\000e\000d\000i\000a\000n\000t\000e\000\040\000A\000l\000g\000o\000r\000i\000t\000m\000o\000s\000\040\000M\000e\000t\000a\000h\000e\000u\000r\000\355\000s\000t\000i\000c\000o\000s}{chapter.4}% 95
\BOOKMARK [2][-]{subsection.4.4.1}{\376\377\000P\000r\000e\000p\000r\000o\000c\000e\000s\000a\000m\000i\000e\000n\000t\000o\000\040\000y\000\040\000R\000e\000p\000r\000e\000s\000e\000n\000t\000a\000c\000i\000\363\000n\000\040\000T\000e\000x\000t\000u\000a\000l}{section.4.4}% 96
\BOOKMARK [2][-]{subsection.4.4.2}{\376\377\000A\000l\000g\000o\000r\000i\000t\000m\000o\000s\000\040\000M\000e\000t\000a\000h\000e\000u\000r\000\355\000s\000t\000i\000c\000o\000s\000\040\000I\000m\000p\000l\000e\000m\000e\000n\000t\000a\000d\000o\000s}{section.4.4}% 97
\BOOKMARK [2][-]{subsection.4.4.3}{\376\377\000F\000u\000n\000c\000i\000\363\000n\000\040\000d\000e\000\040\000E\000v\000a\000l\000u\000a\000c\000i\000\363\000n\000\040\000y\000\040\000C\000l\000a\000s\000i\000f\000i\000c\000a\000c\000i\000\363\000n}{section.4.4}% 98
\BOOKMARK [2][-]{subsection.4.4.4}{\376\377\000R\000e\000d\000u\000c\000c\000i\000\363\000n\000\040\000d\000e\000\040\000D\000i\000m\000e\000n\000s\000i\000o\000n\000a\000l\000i\000d\000a\000d}{section.4.4}% 99
\BOOKMARK [1][-]{section.4.5}{\376\377\000E\000n\000f\000o\000q\000u\000e\000\040\0002\000:\000\040\000D\000e\000t\000e\000c\000c\000i\000\363\000n\000\040\000M\000e\000d\000i\000a\000n\000t\000e\000\040\000M\000o\000d\000e\000l\000o\000\040\000T\000r\000a\000n\000s\000f\000o\000r\000m\000e\000r}{chapter.4}% 100
\BOOKMARK [2][-]{subsection.4.5.1}{\376\377\000S\000e\000l\000e\000c\000c\000i\000\363\000n\000\040\000y\000\040\000J\000u\000s\000t\000i\000f\000i\000c\000a\000c\000i\000\363\000n\000\040\000d\000e\000l\000\040\000M\000o\000d\000e\000l\000o}{section.4.5}% 101
\BOOKMARK [2][-]{subsection.4.5.2}{\376\377\000I\000n\000f\000r\000a\000e\000s\000t\000r\000u\000c\000t\000u\000r\000a\000\040\000C\000o\000m\000p\000u\000t\000a\000c\000i\000o\000n\000a\000l}{section.4.5}% 102
\BOOKMARK [2][-]{subsection.4.5.3}{\376\377\000C\000o\000n\000f\000i\000g\000u\000r\000a\000c\000i\000\363\000n\000\040\000E\000x\000p\000e\000r\000i\000m\000e\000n\000t\000a\000l\000\040\000y\000\040\000O\000p\000t\000i\000m\000i\000z\000a\000c\000i\000\363\000n\000\040\000d\000e\000\040\000H\000i\000p\000e\000r\000p\000a\000r\000\341\000m\000e\000t\000r\000o\000s}{section.4.5}% 103
\BOOKMARK [2][-]{subsection.4.5.4}{\376\377\000A\000r\000q\000u\000i\000t\000e\000c\000t\000u\000r\000a\000\040\000d\000e\000l\000\040\000M\000o\000d\000e\000l\000o\000\040\000d\000e\000\040\000C\000l\000a\000s\000i\000f\000i\000c\000a\000c\000i\000\363\000n}{section.4.5}% 104
\BOOKMARK [2][-]{subsection.4.5.5}{\376\377\000P\000r\000o\000t\000o\000c\000o\000l\000o\000\040\000d\000e\000\040\000E\000n\000t\000r\000e\000n\000a\000m\000i\000e\000n\000t\000o}{section.4.5}% 105
\BOOKMARK [2][-]{subsection.4.5.6}{\376\377\000C\000o\000n\000s\000i\000d\000e\000r\000a\000c\000i\000o\000n\000e\000s\000\040\000d\000e\000\040\000I\000m\000p\000l\000e\000m\000e\000n\000t\000a\000c\000i\000\363\000n}{section.4.5}% 106
\BOOKMARK [1][-]{section.4.6}{\376\377\000M\000e\000t\000o\000d\000o\000l\000o\000g\000\355\000a\000\040\000d\000e\000\040\000E\000v\000a\000l\000u\000a\000c\000i\000\363\000n\000\040\000C\000o\000m\000p\000a\000r\000a\000t\000i\000v\000a}{chapter.4}% 107
\BOOKMARK [2][-]{subsection.4.6.1}{\376\377\000P\000r\000o\000t\000o\000c\000o\000l\000o\000\040\000d\000e\000\040\000E\000v\000a\000l\000u\000a\000c\000i\000\363\000n}{section.4.6}% 108
\BOOKMARK [2][-]{subsection.4.6.2}{\376\377\000F\000u\000n\000d\000a\000m\000e\000n\000t\000o\000s\000\040\000d\000e\000\040\000l\000a\000\040\000M\000a\000t\000r\000i\000z\000\040\000d\000e\000\040\000C\000o\000n\000f\000u\000s\000i\000\363\000n}{section.4.6}% 109
\BOOKMARK [2][-]{subsection.4.6.3}{\376\377\000M\000a\000r\000c\000o\000\040\000d\000e\000\040\000M\000\351\000t\000r\000i\000c\000a\000s\000\040\000d\000e\000\040\000R\000e\000n\000d\000i\000m\000i\000e\000n\000t\000o}{section.4.6}% 110
\BOOKMARK [2][-]{subsection.4.6.4}{\376\377\000C\000r\000i\000t\000e\000r\000i\000o\000s\000\040\000d\000e\000\040\000S\000e\000l\000e\000c\000c\000i\000\363\000n\000\040\000d\000e\000l\000\040\000M\000e\000j\000o\000r\000\040\000M\000o\000d\000e\000l\000o}{section.4.6}% 111
\BOOKMARK [2][-]{subsection.4.6.5}{\376\377\000P\000r\000o\000t\000o\000c\000o\000l\000o\000\040\000d\000e\000\040\000V\000a\000l\000i\000d\000a\000c\000i\000\363\000n\000\040\000C\000r\000u\000z\000a\000d\000a}{section.4.6}% 112
\BOOKMARK [2][-]{subsection.4.6.6}{\376\377\000B\000e\000n\000c\000h\000m\000a\000r\000k\000i\000n\000g\000\040\000C\000o\000m\000p\000u\000t\000a\000c\000i\000o\000n\000a\000l}{section.4.6}% 113
\BOOKMARK [2][-]{subsection.4.6.7}{\376\377\000A\000n\000\341\000l\000i\000s\000i\000s\000\040\000d\000e\000\040\000M\000a\000t\000r\000i\000c\000e\000s\000\040\000d\000e\000\040\000C\000o\000n\000f\000u\000s\000i\000\363\000n}{section.4.6}% 114
\BOOKMARK [2][-]{subsection.4.6.8}{\376\377\000R\000e\000p\000o\000r\000t\000e\000\040\000d\000e\000\040\000R\000e\000s\000u\000l\000t\000a\000d\000o\000s}{section.4.6}% 115
\BOOKMARK [1][-]{section.4.7}{\376\377\000I\000n\000f\000r\000a\000e\000s\000t\000r\000u\000c\000t\000u\000r\000a\000\040\000C\000o\000m\000p\000u\000t\000a\000c\000i\000o\000n\000a\000l\000\040\000y\000\040\000H\000e\000r\000r\000a\000m\000i\000e\000n\000t\000a\000s}{chapter.4}% 116
\BOOKMARK [2][-]{subsection.4.7.1}{\376\377\000E\000n\000t\000o\000r\000n\000o\000\040\000d\000e\000\040\000D\000e\000s\000a\000r\000r\000o\000l\000l\000o\000\040\000p\000a\000r\000a\000\040\000A\000l\000g\000o\000r\000i\000t\000m\000o\000s\000\040\000M\000e\000t\000a\000h\000e\000u\000r\000\355\000s\000t\000i\000c\000o\000s}{section.4.7}% 117
\BOOKMARK [2][-]{subsection.4.7.2}{\376\377\000H\000a\000r\000d\000w\000a\000r\000e\000\040\000D\000e\000d\000i\000c\000a\000d\000o\000\040\000p\000a\000r\000a\000\040\000E\000n\000t\000r\000e\000n\000a\000m\000i\000e\000n\000t\000o\000\040\000D\000i\000s\000t\000i\000l\000B\000E\000R\000T}{section.4.7}% 118
\BOOKMARK [2][-]{subsection.4.7.3}{\376\377\000S\000t\000a\000c\000k\000\040\000T\000e\000c\000n\000o\000l\000\363\000g\000i\000c\000o\000\040\000C\000o\000m\000p\000l\000e\000t\000o}{section.4.7}% 119
\BOOKMARK [1][-]{section.4.8}{\376\377\000C\000o\000n\000s\000i\000d\000e\000r\000a\000c\000i\000o\000n\000e\000s\000\040\000\311\000t\000i\000c\000a\000s\000\040\000y\000\040\000d\000e\000\040\000P\000r\000i\000v\000a\000c\000i\000d\000a\000d}{chapter.4}% 120
\BOOKMARK [2][-]{subsection.4.8.1}{\376\377\000M\000a\000r\000c\000o\000\040\000\311\000t\000i\000c\000o\000\040\000d\000e\000\040\000D\000e\000s\000a\000r\000r\000o\000l\000l\000o}{section.4.8}% 121
\BOOKMARK [2][-]{subsection.4.8.2}{\376\377\000L\000i\000m\000i\000t\000a\000c\000i\000o\000n\000e\000s\000\040\000D\000e\000c\000l\000a\000r\000a\000d\000a\000s\000\040\000y\000\040\000U\000s\000o\000\040\000R\000e\000s\000p\000o\000n\000s\000a\000b\000l\000e}{section.4.8}% 122
\BOOKMARK [1][-]{section.4.9}{\376\377\000V\000a\000l\000i\000d\000a\000c\000i\000\363\000n\000\040\000y\000\040\000R\000e\000p\000r\000o\000d\000u\000c\000i\000b\000i\000l\000i\000d\000a\000d}{chapter.4}% 123
\BOOKMARK [2][-]{subsection.4.9.1}{\376\377\000E\000c\000o\000s\000i\000s\000t\000e\000m\000a\000\040\000d\000e\000\040\000A\000r\000t\000e\000f\000a\000c\000t\000o\000s\000\040\000d\000e\000\040\000R\000e\000p\000r\000o\000d\000u\000c\000i\000b\000i\000l\000i\000d\000a\000d}{section.4.9}% 124
\BOOKMARK [2][-]{subsection.4.9.2}{\376\377\000S\000o\000l\000u\000c\000i\000\363\000n\000\040\000L\000i\000s\000t\000a\000\040\000p\000a\000r\000a\000\040\000P\000r\000o\000d\000u\000c\000c\000i\000\363\000n}{section.4.9}% 125
\BOOKMARK [0][-]{chapter.5}{\376\377\000A\000n\000\341\000l\000i\000s\000i\000s\000\040\000d\000e\000\040\000R\000e\000s\000u\000l\000t\000a\000d\000o\000s\000\040}{}% 126
\BOOKMARK [1][-]{section.5.1}{\376\377\000R\000e\000s\000u\000l\000t\000a\000d\000o\000s\000\040\000d\000e\000l\000\040\000E\000n\000f\000o\000q\000u\000e\000\040\000M\000e\000t\000a\000h\000e\000u\000r\000\355\000s\000t\000i\000c\000o\000\040\000c\000o\000n\000\040\000R\000e\000p\000r\000e\000s\000e\000n\000t\000a\000c\000i\000\363\000n\000\040\000B\000o\000W\000-\000T\000F\000-\000I\000D\000F}{chapter.5}% 127
\BOOKMARK [2][-]{subsection.5.1.1}{\376\377\000M\000a\000r\000c\000o\000\040\000E\000x\000p\000e\000r\000i\000m\000e\000n\000t\000a\000l\000\040\000y\000\040\000C\000o\000n\000f\000i\000g\000u\000r\000a\000c\000i\000\363\000n\000\040\000B\000a\000s\000e}{section.5.1}% 128
\BOOKMARK [2][-]{subsection.5.1.2}{\376\377\000I\000m\000p\000l\000e\000m\000e\000n\000t\000a\000c\000i\000\363\000n\000\040\000y\000\040\000C\000o\000n\000f\000i\000g\000u\000r\000a\000c\000i\000\363\000n\000\040\000d\000e\000\040\000A\000l\000g\000o\000r\000i\000t\000m\000o\000s\000\040\000M\000e\000t\000a\000h\000e\000u\000r\000\355\000s\000t\000i\000c\000o\000s}{section.5.1}% 129
\BOOKMARK [2][-]{subsection.5.1.3}{\376\377\000P\000s\000e\000u\000d\000o\000c\000\363\000d\000i\000g\000o\000s\000\040\000d\000e\000\040\000l\000o\000s\000\040\000A\000l\000g\000o\000r\000i\000t\000m\000o\000s\000\040\000I\000m\000p\000l\000e\000m\000e\000n\000t\000a\000d\000o\000s}{section.5.1}% 130
\BOOKMARK [2][-]{subsection.5.1.4}{\376\377\000V\000i\000s\000u\000a\000l\000i\000z\000a\000c\000i\000o\000n\000e\000s\000\040\000d\000e\000\040\000R\000e\000s\000u\000l\000t\000a\000d\000o\000s\000\040\000p\000o\000r\000\040\000A\000l\000g\000o\000r\000i\000t\000m\000o}{section.5.1}% 131
\BOOKMARK [2][-]{subsection.5.1.5}{\376\377\000C\000o\000n\000t\000e\000x\000t\000u\000a\000l\000i\000z\000a\000c\000i\000\363\000n\000\040\000c\000o\000n\000\040\000I\000n\000v\000e\000s\000t\000i\000g\000a\000c\000i\000\363\000n\000\040\000P\000u\000b\000l\000i\000c\000a\000d\000a}{section.5.1}% 132
\BOOKMARK [2][-]{subsection.5.1.6}{\376\377\000A\000n\000\341\000l\000i\000s\000i\000s\000\040\000C\000o\000m\000p\000a\000r\000a\000t\000i\000v\000o\000\040\000d\000e\000\040\000R\000e\000s\000u\000l\000t\000a\000d\000o\000s}{section.5.1}% 133
\BOOKMARK [2][-]{subsection.5.1.7}{\376\377\000L\000i\000m\000i\000t\000a\000c\000i\000o\000n\000e\000s\000\040\000F\000u\000n\000d\000a\000m\000e\000n\000t\000a\000l\000e\000s\000\040\000y\000\040\000J\000u\000s\000t\000i\000f\000i\000c\000a\000c\000i\000\363\000n\000\040\000p\000a\000r\000a\000\040\000E\000v\000o\000l\000u\000c\000i\000\363\000n}{section.5.1}% 134
\BOOKMARK [2][-]{subsection.5.1.8}{\376\377\000S\000\355\000n\000t\000e\000s\000i\000s\000\040\000y\000\040\000T\000r\000a\000n\000s\000i\000c\000i\000\363\000n}{section.5.1}% 135
\BOOKMARK [1][-]{section.5.2}{\376\377\000R\000e\000s\000u\000l\000t\000a\000d\000o\000s\000\040\000d\000e\000l\000\040\000E\000n\000f\000o\000q\000u\000e\000\040\000T\000r\000a\000n\000s\000f\000o\000r\000m\000e\000r\000:\000\040\000D\000i\000s\000t\000i\000l\000B\000E\000R\000T\000\040\000M\000u\000l\000t\000i\000l\000i\000n\000g\000\374\000e}{chapter.5}% 136
\BOOKMARK [2][-]{subsection.5.2.1}{\376\377\000M\000a\000r\000c\000o\000\040\000E\000x\000p\000e\000r\000i\000m\000e\000n\000t\000a\000l\000\040\000y\000\040\000E\000v\000o\000l\000u\000c\000i\000\363\000n\000\040\000d\000e\000l\000\040\000D\000e\000s\000a\000r\000r\000o\000l\000l\000o}{section.5.2}% 137
\BOOKMARK [2][-]{subsection.5.2.2}{\376\377\000C\000o\000n\000f\000i\000g\000u\000r\000a\000c\000i\000\363\000n\000\040\000d\000e\000l\000\040\000M\000o\000d\000e\000l\000o\000\040\000D\000i\000s\000t\000i\000l\000B\000E\000R\000T\000\040\000O\000p\000t\000i\000m\000i\000z\000a\000d\000o}{section.5.2}% 138
\BOOKMARK [2][-]{subsection.5.2.3}{\376\377\000P\000r\000o\000c\000e\000s\000o\000\040\000d\000e\000\040\000O\000p\000t\000i\000m\000i\000z\000a\000c\000i\000\363\000n\000\040\000y\000\040\000B\000\372\000s\000q\000u\000e\000d\000a\000\040\000d\000e\000\040\000H\000i\000p\000e\000r\000p\000a\000r\000\341\000m\000e\000t\000r\000o\000s}{section.5.2}% 139
\BOOKMARK [2][-]{subsection.5.2.4}{\376\377\000A\000n\000\341\000l\000i\000s\000i\000s\000\040\000d\000e\000\040\000C\000o\000n\000v\000e\000r\000g\000e\000n\000c\000i\000a\000\040\000y\000\040\000C\000o\000n\000t\000r\000o\000l\000\040\000d\000e\000\040\000O\000v\000e\000r\000f\000i\000t\000t\000i\000n\000g}{section.5.2}% 140
\BOOKMARK [2][-]{subsection.5.2.5}{\376\377\000E\000v\000o\000l\000u\000c\000i\000\363\000n\000\040\000E\000x\000p\000e\000r\000i\000m\000e\000n\000t\000a\000l\000:\000\040\000V\000e\000r\000s\000i\000o\000n\000e\000s\000\040\000d\000e\000\040\000D\000e\000s\000a\000r\000r\000o\000l\000l\000o}{section.5.2}% 141
\BOOKMARK [2][-]{subsection.5.2.6}{\376\377\000P\000s\000e\000u\000d\000o\000c\000\363\000d\000i\000g\000o\000\040\000d\000e\000l\000\040\000A\000l\000g\000o\000r\000i\000t\000m\000o\000\040\000d\000e\000\040\000E\000n\000t\000r\000e\000n\000a\000m\000i\000e\000n\000t\000o\000\040\000D\000i\000s\000t\000i\000l\000B\000E\000R\000T}{section.5.2}% 142
\BOOKMARK [2][-]{subsection.5.2.7}{\376\377\000R\000e\000s\000u\000l\000t\000a\000d\000o\000s\000\040\000F\000i\000n\000a\000l\000e\000s\000\040\000y\000\040\000C\000o\000m\000p\000a\000r\000a\000c\000i\000\363\000n}{section.5.2}% 143
\BOOKMARK [0][-]{chapter.6}{\376\377\000I\000m\000p\000l\000e\000m\000e\000n\000t\000a\000c\000i\000\363\000n\000\040\000d\000e\000\040\000P\000r\000o\000t\000o\000t\000i\000p\000o\000s\000\040\000F\000u\000n\000c\000i\000o\000n\000a\000l\000e\000s}{}% 144
\BOOKMARK [1][-]{section.6.1}{\376\377\000I\000n\000t\000r\000o\000d\000u\000c\000c\000i\000\363\000n\000\040\000a\000\040\000l\000a\000\040\000F\000a\000s\000e\000\040\000d\000e\000\040\000I\000m\000p\000l\000e\000m\000e\000n\000t\000a\000c\000i\000\363\000n}{chapter.6}% 145
\BOOKMARK [1][-]{section.6.2}{\376\377\000A\000r\000q\000u\000i\000t\000e\000c\000t\000u\000r\000a\000\040\000G\000e\000n\000e\000r\000a\000l\000\040\000d\000e\000l\000\040\000S\000i\000s\000t\000e\000m\000a}{chapter.6}% 146
\BOOKMARK [1][-]{section.6.3}{\376\377\000P\000r\000o\000t\000o\000t\000i\000p\000o\000\040\0001\000:\000\040\000A\000n\000a\000l\000i\000z\000a\000d\000o\000r\000\040\000B\000a\000s\000a\000d\000o\000\040\000e\000n\000\040\000M\000e\000t\000a\000h\000e\000u\000r\000\355\000s\000t\000i\000c\000a\000s}{chapter.6}% 147
\BOOKMARK [2][-]{subsection.6.3.1}{\376\377\000C\000o\000m\000p\000o\000n\000e\000n\000t\000e\000s\000\040\000d\000e\000l\000\040\000M\000o\000d\000e\000l\000o}{section.6.3}% 148
\BOOKMARK [2][-]{subsection.6.3.2}{\376\377\000F\000l\000u\000j\000o\000\040\000d\000e\000\040\000I\000n\000f\000e\000r\000e\000n\000c\000i\000a}{section.6.3}% 149
\BOOKMARK [1][-]{section.6.4}{\376\377\000P\000r\000o\000t\000o\000t\000i\000p\000o\000\040\0002\000:\000\040\000A\000n\000a\000l\000i\000z\000a\000d\000o\000r\000\040\000B\000a\000s\000a\000d\000o\000\040\000e\000n\000\040\000M\000o\000d\000e\000l\000o\000s\000\040\000T\000r\000a\000n\000s\000f\000o\000r\000m\000e\000r\000\040\000\050\000V\000e\000r\000s\000i\000\363\000n\000\040\000F\000i\000n\000a\000l\000\051}{chapter.6}% 150
\BOOKMARK [2][-]{subsection.6.4.1}{\376\377\000C\000o\000m\000p\000o\000n\000e\000n\000t\000e\000s\000\040\000d\000e\000l\000\040\000M\000o\000d\000e\000l\000o}{section.6.4}% 151
\BOOKMARK [2][-]{subsection.6.4.2}{\376\377\000F\000l\000u\000j\000o\000\040\000d\000e\000\040\000I\000n\000f\000e\000r\000e\000n\000c\000i\000a}{section.6.4}% 152
\BOOKMARK [1][-]{section.6.5}{\376\377\000I\000n\000t\000e\000r\000f\000a\000z\000\040\000d\000e\000\040\000U\000s\000u\000a\000r\000i\000o\000\040\000y\000\040\000C\000a\000s\000o\000s\000\040\000d\000e\000\040\000U\000s\000o}{chapter.6}% 153
\BOOKMARK [2][-]{subsection.6.5.1}{\376\377\000C\000a\000s\000o\000\040\000d\000e\000\040\000U\000s\000o\000\040\0001\000:\000\040\000D\000e\000t\000e\000c\000c\000i\000\363\000n\000\040\000d\000e\000\040\000u\000n\000a\000\040\000N\000o\000t\000i\000c\000i\000a\000\040\000R\000e\000a\000l}{section.6.5}% 154
\BOOKMARK [2][-]{subsection.6.5.2}{\376\377\000C\000a\000s\000o\000\040\000d\000e\000\040\000U\000s\000o\000\040\0002\000:\000\040\000D\000e\000t\000e\000c\000c\000i\000\363\000n\000\040\000d\000e\000\040\000u\000n\000a\000\040\000P\000\341\000g\000i\000n\000a\000\040\000c\000o\000n\000\040\000C\000o\000n\000t\000e\000n\000i\000d\000o\000\040\000E\000n\000g\000a\000\361\000o\000s\000o}{section.6.5}% 155
\BOOKMARK [2][-]{subsection.6.5.3}{\376\377\000C\000a\000s\000o\000\040\000d\000e\000\040\000U\000s\000o\000\040\0003\000:\000\040\000D\000e\000t\000e\000c\000c\000i\000\363\000n\000\040\000d\000e\000\040\000u\000n\000a\000\040\000P\000\341\000g\000i\000n\000a\000\040\000F\000r\000a\000u\000d\000u\000l\000e\000n\000t\000a}{section.6.5}% 156
\BOOKMARK [0][-]{chapter.7}{\376\377\000C\000o\000n\000c\000l\000u\000s\000i\000o\000n\000e\000s}{}% 157
\BOOKMARK [1][-]{section.7.1}{\376\377\000R\000e\000s\000u\000m\000e\000n\000\040\000d\000e\000l\000\040\000T\000r\000a\000b\000a\000j\000o\000\040\000y\000\040\000C\000o\000n\000t\000r\000i\000b\000u\000c\000i\000o\000n\000e\000s\000\040\000P\000r\000i\000n\000c\000i\000p\000a\000l\000e\000s}{chapter.7}% 158
\BOOKMARK [1][-]{section.7.2}{\376\377\000L\000i\000m\000i\000t\000a\000c\000i\000o\000n\000e\000s\000\040\000d\000e\000l\000\040\000E\000s\000t\000u\000d\000i\000o}{chapter.7}% 159
\BOOKMARK [0][-]{appendix.Alph1}{\376\377\000A\000n\000e\000x\000o\000\040\0001\000\040}{}% 160
\BOOKMARK [0][-]{appendix.Alph1}{\376\377\000B\000i\000b\000l\000i\000o\000g\000r\000a\000f\000\355\000a}{}% 161
